<?xml version="1.0" encoding="UTF-8"?>
<!-- Generated by org.testng.reporters.JUnitReportReporter -->
<testsuite hostname="Krutis-MacBook-Pro.local" failures="0" tests="2" name="qaclickacademy.mavenjava.RestAPITest" time="0.008" errors="0" timestamp="2021-06-17T15:27:37 CDT" skipped="0">
  <testcase classname="qaclickacademy.mavenjava.RestAPITest" name="DeleteTwitter" time="0.006"/>
  <system-out/>
  <testcase classname="qaclickacademy.mavenjava.RestAPITest" name="PostJira" time="0.002"/>
  <system-out/>
</testsuite> <!-- qaclickacademy.mavenjava.RestAPITest -->
