<?xml version="1.0" encoding="UTF-8"?>
<!-- Generated by org.testng.reporters.JUnitReportReporter -->
<testsuite hostname="Krutis-MacBook-Pro.local" failures="0" tests="2" name="qaclickacademy.mavenjava.AppiumTest" time="0.010" errors="0" timestamp="2021-06-17T15:27:16 CDT" skipped="0">
  <testcase classname="qaclickacademy.mavenjava.AppiumTest" name="IOSApp" time="0.008"/>
  <system-out/>
  <testcase classname="qaclickacademy.mavenjava.AppiumTest" name="NativeAppAnroid" time="0.002"/>
  <system-out/>
</testsuite> <!-- qaclickacademy.mavenjava.AppiumTest -->
