<?xml version="1.0" encoding="UTF-8"?>
<!-- Generated by org.testng.reporters.JUnitReportReporter -->
<testsuite hostname="Krutis-MacBook-Pro.local" failures="0" tests="2" name="qaclickacademy.mavenjava.SeleniumTest" time="0.009" errors="0" timestamp="2021-06-17T15:27:03 CDT" skipped="0">
  <testcase classname="qaclickacademy.mavenjava.SeleniumTest" name="BrowserAutomation" time="0.007"/>
  <system-out/>
  <testcase classname="qaclickacademy.mavenjava.SeleniumTest" name="ElementUi" time="0.002"/>
  <system-out/>
</testsuite> <!-- qaclickacademy.mavenjava.SeleniumTest -->
